[debug] [2025-08-06T15:02:06.731Z] ----------------------------------------------------------------------
[debug] [2025-08-06T15:02:06.733Z] Command:       C:\Program Files\nodejs\node.exe C:\Users\Baran\AppData\Roaming\npm\node_modules\firebase-tools\lib\bin\firebase.js init hosting
[debug] [2025-08-06T15:02:06.734Z] CLI Version:   14.11.2
[debug] [2025-08-06T15:02:06.734Z] Platform:      win32
[debug] [2025-08-06T15:02:06.734Z] Node Version:  v22.18.0
[debug] [2025-08-06T15:02:06.734Z] Time:          Wed Aug 06 2025 18:02:06 GMT+0300 (GMT+03:00)
[debug] [2025-08-06T15:02:06.734Z] ----------------------------------------------------------------------
[debug] 
[debug] [2025-08-06T15:02:06.739Z] > command requires scopes: ["email","openid","https://www.googleapis.com/auth/cloudplatformprojects.readonly","https://www.googleapis.com/auth/firebase","https://www.googleapis.com/auth/cloud-platform"]
[debug] [2025-08-06T15:02:06.739Z] > authorizing via signed-in user (m.barancakmak@hotmail.com)
[info] 
     ######## #### ########  ######## ########     ###     ######  ########
     ##        ##  ##     ## ##       ##     ##  ##   ##  ##       ##
     ######    ##  ########  ######   ########  #########  ######  ######
     ##        ##  ##    ##  ##       ##     ## ##     ##       ## ##
     ##       #### ##     ## ######## ########  ##     ##  ######  ########

You're about to initialize a Firebase project in this directory:

  C:\Users\Baran\OneDrive\Masa端st端\sitem\my-portfolio

[info] 
=== Project Setup
[info] 
[info] First, let's associate this project directory with a Firebase project.
[info] You can create multiple project aliases by running firebase use --add, 
[info] but for now we'll just set up a default project.
[info] 
[debug] [2025-08-06T15:03:02.782Z] Checked if tokens are valid: true, expires at: 1754496110828
[debug] [2025-08-06T15:03:02.782Z] Checked if tokens are valid: true, expires at: 1754496110828
[debug] [2025-08-06T15:03:02.783Z] >>> [apiv2][query] GET https://firebase.googleapis.com/v1beta1/projects pageSize=100
[debug] [2025-08-06T15:03:03.416Z] <<< [apiv2][status] GET https://firebase.googleapis.com/v1beta1/projects 200
[debug] [2025-08-06T15:03:03.416Z] <<< [apiv2][body] GET https://firebase.googleapis.com/v1beta1/projects [omitted]
[info] i  Using project my-portfolio-42f12 (My Portfolio) 
[info] 
=== Hosting Setup
[debug] [2025-08-06T15:03:07.498Z] Checked if tokens are valid: true, expires at: 1754496110828
[debug] [2025-08-06T15:03:07.499Z] Checked if tokens are valid: true, expires at: 1754496110828
[debug] [2025-08-06T15:03:07.499Z] >>> [apiv2][query] GET https://firebase.googleapis.com/v1beta1/projects/my-portfolio-42f12 [none]
[debug] [2025-08-06T15:03:07.815Z] <<< [apiv2][status] GET https://firebase.googleapis.com/v1beta1/projects/my-portfolio-42f12 200
[debug] [2025-08-06T15:03:07.815Z] <<< [apiv2][body] GET https://firebase.googleapis.com/v1beta1/projects/my-portfolio-42f12 {"projectId":"my-portfolio-42f12","projectNumber":"559811884463","displayName":"My Portfolio","name":"projects/my-portfolio-42f12","resources":{"hostingSite":"my-portfolio-42f12"},"state":"ACTIVE","etag":"1_aa2bfdef-b1b6-4bec-bb2d-6e59064c1726"}
[info] 
[info] Your public directory is the folder (relative to your project directory) that
[info] will contain Hosting assets to be uploaded with firebase deploy. If you
[info] have a build process for your assets, use your build's output directory.
[info] 
[debug] [2025-08-06T15:03:25.131Z] >>> [apiv2][query] GET https://www.gstatic.com/firebasejs/releases.json [none]
[debug] [2025-08-06T15:03:25.347Z] <<< [apiv2][status] GET https://www.gstatic.com/firebasejs/releases.json 200
[debug] [2025-08-06T15:03:25.348Z] <<< [apiv2][body] GET https://www.gstatic.com/firebasejs/releases.json {"current":{"version":"12.0.0","browserURL":"https://www.gstatic.com/firebasejs/12.0.0/firebase.js","packageURL":"https://www.gstatic.com/firebasejs/12.0.0/firebase.tgz"},"live":{"version":"12.0","browserURL":"https://www.gstatic.com/firebasejs/live/12.0/firebase.js","packageURL":"https://www.gstatic.com/firebasejs/live/12.0/firebase.tgz"},"components":{"ai":"https://www.gstatic.com/firebasejs/12.0.0/firebase-ai.js","analytics":"https://www.gstatic.com/firebasejs/12.0.0/firebase-analytics.js","app":"https://www.gstatic.com/firebasejs/12.0.0/firebase-app.js","app-check":"https://www.gstatic.com/firebasejs/12.0.0/firebase-app-check.js","auth":"https://www.gstatic.com/firebasejs/12.0.0/firebase-auth.js","auth/cordova":"https://www.gstatic.com/firebasejs/12.0.0/firebase-auth/cordova.js","auth/web-extension":"https://www.gstatic.com/firebasejs/12.0.0/firebase-auth/web-extension.js","functions":"https://www.gstatic.com/firebasejs/12.0.0/firebase-functions.js","firestore":"https://www.gstatic.com/firebasejs/12.0.0/firebase-firestore.js","firestore/lite":"https://www.gstatic.com/firebasejs/12.0.0/firebase-firestore/lite.js","installations":"https://www.gstatic.com/firebasejs/12.0.0/firebase-installations.js","storage":"https://www.gstatic.com/firebasejs/12.0.0/firebase-storage.js","performance":"https://www.gstatic.com/firebasejs/12.0.0/firebase-performance.js","remote-config":"https://www.gstatic.com/firebasejs/12.0.0/firebase-remote-config.js","messaging":"https://www.gstatic.com/firebasejs/12.0.0/firebase-messaging.js","messaging/sw":"https://www.gstatic.com/firebasejs/12.0.0/firebase-messaging/sw.js","database":"https://www.gstatic.com/firebasejs/12.0.0/firebase-database.js","data-connect":"https://www.gstatic.com/firebasejs/12.0.0/firebase-data-connect.js","firestore.memory":"https://www.gstatic.com/firebasejs/12.0.0/firebase-firestore.memory.js"}}
[info] +  Wrote public/index.html 
[info] 
[info] i  Detected a .git folder at C:\Users\Baran\OneDrive\Masa端st端\sitem\my-portfolio 
[info] i  Authorizing with GitHub to upload your service account to a GitHub repository's secrets store. 
[info] 
[info] Visit this URL on this device to log in:
[info] https://github.com/login/oauth/authorize?client_id=89cf50f02ac6aaed3484&state=282787497&redirect_uri=http%3A%2F%2Flocalhost%3A9005&scope=read%3Auser%20repo%20public_repo
[info] 
[info] Waiting for authentication...
